<component name="libraryTable">
  <library name="junit-4.4">
    <CLASSES>
      <root url="jar://$MAVEN_REPOSITORY$/junit/junit/4.4/junit-4.4.jar!/" />
    </CLASSES>
    <JAVADOC />
    <SOURCES />
  </library>
</component>